2022/12/07 20:55:06 transAmoountStart - 10000 and transAmoountEnd - 9992.678761329196
2022/12/07 20:55:06 assets - BTC, pair - ETHBTC, convertfiat - ETH, fiat - RUB
2022/12/07 20:55:06 PriceFirst - 1.10486e+06, PriceSecond - 0.0731035, Price Third - 80710
2022/12/07 20:55:06 RESULT: -7.32   -0.07 

2022/12/07 20:55:06 Payment Methods Buy:  
2022/12/07 20:55:06 User Name - cryptolove, orders - 1258, completion - 100
2022/12/07 20:55:06 Link: https://p2p.binance.com/en/advertiserDetail?advertiserNo=s5356467a943c3cc6bc5fda3a11fd0672
2022/12/07 20:55:06 Payment Methods Sell:  QIWI
2022/12/07 20:55:06 User Name - Arci742, orders - 63, completion - 94.1
2022/12/07 20:55:06 Link: https://p2p.binance.com/en/advertiserDetail?advertiserNo=sca6a8f4fadf33c01a4970b5efa3e98b9
2022/12/07 20:55:06 

2022/12/07 20:55:06 transAmoountStart - 10000 and transAmoountEnd - 9886.30238220227
2022/12/07 20:55:06 assets - BTC, pair - BTCRUB, convertfiat - RUB, fiat - RUB
2022/12/07 20:55:06 PriceFirst - 1.10486e+06, PriceSecond - 1.0604835e+06, Price Third - 1.03
2022/12/07 20:55:06 RESULT: -113.70   -1.14 

2022/12/07 20:55:06 Payment Methods Buy:  
2022/12/07 20:55:06 User Name - cryptolove, orders - 1258, completion - 100
2022/12/07 20:55:06 Link: https://p2p.binance.com/en/advertiserDetail?advertiserNo=s5356467a943c3cc6bc5fda3a11fd0672
2022/12/07 20:55:06 Payment Methods Sell:  Tinkoff
2022/12/07 20:55:06 User Name - CRIPTUN, orders - 16616, completion - 99.5
2022/12/07 20:55:06 Link: https://p2p.binance.com/en/advertiserDetail?advertiserNo=s0a3beeee28ae33cfab3a8c0ade8d7f3a
2022/12/07 20:55:06 

2022/12/07 20:55:06 transAmoountStart - 10000 and transAmoountEnd - 9957.62517649295
2022/12/07 20:55:06 assets - BTC, pair - BTCUSDT, convertfiat - USDT, fiat - RUB
2022/12/07 20:55:06 PriceFirst - 1.10486e+06, PriceSecond - 16809.445, Price Third - 65.45
2022/12/07 20:55:06 RESULT: -42.37   -0.42 

2022/12/07 20:55:06 Payment Methods Buy:  
2022/12/07 20:55:06 User Name - cryptolove, orders - 1258, completion - 100
2022/12/07 20:55:06 Link: https://p2p.binance.com/en/advertiserDetail?advertiserNo=s5356467a943c3cc6bc5fda3a11fd0672
2022/12/07 20:55:06 Payment Methods Sell:  RosBank
2022/12/07 20:55:06 User Name - Insomnia, orders - 1213, completion - 99.6
2022/12/07 20:55:06 Link: https://p2p.binance.com/en/advertiserDetail?advertiserNo=s4bd415c5f1a6360eb3d977b914b19e7e
2022/12/07 20:55:06 

2022/12/07 20:55:07 transAmoountStart - 10000 and transAmoountEnd - 9958.004301449957
2022/12/07 20:55:07 assets - BTC, pair - BTCBUSD, convertfiat - BUSD, fiat - RUB
2022/12/07 20:55:07 PriceFirst - 1.10486e+06, PriceSecond - 16810.085, Price Third - 65.45
2022/12/07 20:55:07 RESULT: -42.00   -0.42 

2022/12/07 20:55:07 Payment Methods Buy:  
2022/12/07 20:55:07 User Name - cryptolove, orders - 1258, completion - 100
2022/12/07 20:55:07 Link: https://p2p.binance.com/en/advertiserDetail?advertiserNo=s5356467a943c3cc6bc5fda3a11fd0672
2022/12/07 20:55:07 Payment Methods Sell:  Tinkoff
2022/12/07 20:55:07 User Name - teakamill, orders - 2207, completion - 99.4
2022/12/07 20:55:07 Link: https://p2p.binance.com/en/advertiserDetail?advertiserNo=sf8a59385a7ab381b891ebac3e74e6d90
2022/12/07 20:55:07 

2022/12/07 20:55:07 transAmoountStart - 10000 and transAmoountEnd - 9941.05259379222
2022/12/07 20:55:07 assets - BTC, pair - BNBBTC, convertfiat - BNB, fiat - RUB
2022/12/07 20:55:07 PriceFirst - 1.10486e+06, PriceSecond - 0.0168435, Price Third - 18500.01
2022/12/07 20:55:07 RESULT: -58.95   -0.59 

2022/12/07 20:55:07 Payment Methods Buy:  
2022/12/07 20:55:07 User Name - cryptolove, orders - 1258, completion - 100
2022/12/07 20:55:07 Link: https://p2p.binance.com/en/advertiserDetail?advertiserNo=s5356467a943c3cc6bc5fda3a11fd0672
2022/12/07 20:55:07 Payment Methods Sell:  Tinkoff
2022/12/07 20:55:07 User Name - R2_CryptoTrade, orders - 26000, completion - 99
2022/12/07 20:55:07 Link: https://p2p.binance.com/en/advertiserDetail?advertiserNo=sa72c5bd99ffd30389437c99ddea8e410
2022/12/07 20:55:07 

2022/12/07 20:55:07 transAmoountStart - 10000 and transAmoountEnd - 9922.454087915617
2022/12/07 20:55:07 assets - BNB, pair - BNBUSDT, convertfiat - USDT, fiat - RUB
2022/12/07 20:55:07 PriceFirst - 18677, PriceSecond - 283.15, Price Third - 65.45
2022/12/07 20:55:07 RESULT: -77.55   -0.78 

2022/12/07 20:55:07 Payment Methods Buy:  Tinkoff
2022/12/07 20:55:07 User Name - nozirrov, orders - 63, completion - 100
2022/12/07 20:55:07 Link: https://p2p.binance.com/en/advertiserDetail?advertiserNo=s8de7d1cd82cb3f65865bd19a421817a7
2022/12/07 20:55:07 Payment Methods Sell:  RosBank
2022/12/07 20:55:07 User Name - Insomnia, orders - 1213, completion - 99.6
2022/12/07 20:55:07 Link: https://p2p.binance.com/en/advertiserDetail?advertiserNo=s4bd415c5f1a6360eb3d977b914b19e7e
2022/12/07 20:55:07 

2022/12/07 20:55:07 transAmoountStart - 10000 and transAmoountEnd - 9902.440738657171
2022/12/07 20:55:07 assets - BNB, pair - BNBBTC, convertfiat - BTC, fiat - RUB
2022/12/07 20:55:07 PriceFirst - 18677, PriceSecond - 0.0168435, Price Third - 1.09803714e+06
2022/12/07 20:55:07 RESULT: -97.56   -0.98 

2022/12/07 20:55:07 Payment Methods Buy:  Tinkoff
2022/12/07 20:55:07 User Name - nozirrov, orders - 63, completion - 100
2022/12/07 20:55:07 Link: https://p2p.binance.com/en/advertiserDetail?advertiserNo=s8de7d1cd82cb3f65865bd19a421817a7
2022/12/07 20:55:07 Payment Methods Sell:  RosBank
2022/12/07 20:55:07 User Name - TRADERMAN, orders - 267, completion - 98.9
2022/12/07 20:55:07 Link: https://p2p.binance.com/en/advertiserDetail?advertiserNo=sc7522921bb66323aaec58adc415fe4a3
2022/12/07 20:55:07 

2022/12/07 20:55:08 transAmoountStart - 10000 and transAmoountEnd - 9852.363334582642
2022/12/07 20:55:08 assets - BNB, pair - BNBRUB, convertfiat - RUB, fiat - RUB
2022/12/07 20:55:08 PriceFirst - 18677, PriceSecond - 17865.3, Price Third - 1.03
2022/12/07 20:55:08 RESULT: -147.64   -1.48 

2022/12/07 20:55:08 Payment Methods Buy:  Tinkoff
2022/12/07 20:55:08 User Name - nozirrov, orders - 63, completion - 100
2022/12/07 20:55:08 Link: https://p2p.binance.com/en/advertiserDetail?advertiserNo=s8de7d1cd82cb3f65865bd19a421817a7
2022/12/07 20:55:08 Payment Methods Sell:  Tinkoff
2022/12/07 20:55:08 User Name - CRIPTUN, orders - 16616, completion - 99.5
2022/12/07 20:55:08 Link: https://p2p.binance.com/en/advertiserDetail?advertiserNo=s0a3beeee28ae33cfab3a8c0ade8d7f3a
2022/12/07 20:55:08 

2022/12/07 20:55:08 transAmoountStart - 10000 and transAmoountEnd - 9922.454087915617
2022/12/07 20:55:08 assets - BNB, pair - BNBBUSD, convertfiat - BUSD, fiat - RUB
2022/12/07 20:55:08 PriceFirst - 18677, PriceSecond - 283.15, Price Third - 65.45
2022/12/07 20:55:08 RESULT: -77.55   -0.78 

2022/12/07 20:55:08 Payment Methods Buy:  Tinkoff
2022/12/07 20:55:08 User Name - nozirrov, orders - 63, completion - 100
2022/12/07 20:55:08 Link: https://p2p.binance.com/en/advertiserDetail?advertiserNo=s8de7d1cd82cb3f65865bd19a421817a7
2022/12/07 20:55:08 Payment Methods Sell:  Tinkoff
2022/12/07 20:55:08 User Name - teakamill, orders - 2207, completion - 99.4
2022/12/07 20:55:08 Link: https://p2p.binance.com/en/advertiserDetail?advertiserNo=sf8a59385a7ab381b891ebac3e74e6d90
2022/12/07 20:55:08 

2022/12/07 20:55:08 transAmoountStart - 10000 and transAmoountEnd - 9884.455083332756
2022/12/07 20:55:08 assets - USDT, pair - SHIBUSDT, convertfiat - SHIB, fiat - RUB
2022/12/07 20:55:08 PriceFirst - 65.59, PriceSecond - 9.084999999999999e-06, Price Third - 0.000589
2022/12/07 20:55:08 RESULT: -115.54   -1.16 

2022/12/07 20:55:08 Payment Methods Buy:  RosBank
2022/12/07 20:55:08 User Name - Deof, orders - 144, completion - 99.4
2022/12/07 20:55:08 Link: https://p2p.binance.com/en/advertiserDetail?advertiserNo=s7069f0f8eb5333518195d63d84be2b66
2022/12/07 20:55:08 Payment Methods Sell:  RosBank
2022/12/07 20:55:08 User Name - ChechulinYuriy, orders - 17, completion - 100
2022/12/07 20:55:08 Link: https://p2p.binance.com/en/advertiserDetail?advertiserNo=s3e2e01bbfffc3f65a5b795fd5000833c
2022/12/07 20:55:08 

2022/12/07 20:55:09 transAmoountStart - 10000 and transAmoountEnd - 9918.269916142557
2022/12/07 20:55:09 assets - ETH, pair - ETHBUSD, convertfiat - BUSD, fiat - RUB
2022/12/07 20:55:09 PriceFirst - 81090, PriceSecond - 1228.835, Price Third - 65.45
2022/12/07 20:55:09 RESULT: -81.73   -0.82 

2022/12/07 20:55:09 Payment Methods Buy:  RosBank
2022/12/07 20:55:09 User Name - Hess15, orders - 327, completion - 99.1
2022/12/07 20:55:09 Link: https://p2p.binance.com/en/advertiserDetail?advertiserNo=s288c1c5148533664969393fb1150a715
2022/12/07 20:55:09 Payment Methods Sell:  Tinkoff
2022/12/07 20:55:09 User Name - teakamill, orders - 2207, completion - 99.4
2022/12/07 20:55:09 Link: https://p2p.binance.com/en/advertiserDetail?advertiserNo=sf8a59385a7ab381b891ebac3e74e6d90
2022/12/07 20:55:09 

2022/12/07 20:55:09 transAmoountStart - 10000 and transAmoountEnd - 10014.388104796895
2022/12/07 20:55:09 assets - USDT, pair - ETHUSDT, convertfiat - ETH, fiat - RUB
2022/12/07 20:55:09 PriceFirst - 65.59, PriceSecond - 1228.755, Price Third - 80710
2022/12/07 20:55:09 RESULT: 14.39   0.14 

2022/12/07 20:55:09 Payment Methods Buy:  RosBank
2022/12/07 20:55:09 User Name - Deof, orders - 144, completion - 99.4
2022/12/07 20:55:09 Link: https://p2p.binance.com/en/advertiserDetail?advertiserNo=s7069f0f8eb5333518195d63d84be2b66
2022/12/07 20:55:09 Payment Methods Sell:  QIWI
2022/12/07 20:55:09 User Name - Arci742, orders - 63, completion - 94.1
2022/12/07 20:55:09 Link: https://p2p.binance.com/en/advertiserDetail?advertiserNo=sca6a8f4fadf33c01a4970b5efa3e98b9
2022/12/07 20:55:09 

2022/12/07 20:55:09 transAmoountStart - 10000 and transAmoountEnd - 9953.14240310021
2022/12/07 20:55:09 assets - BUSD, pair - BTCBUSD, convertfiat - BTC, fiat - RUB
2022/12/07 20:55:09 PriceFirst - 65.63, PriceSecond - 16809.485, Price Third - 1.09803714e+06
2022/12/07 20:55:09 RESULT: -46.86   -0.47 

2022/12/07 20:55:09 Payment Methods Buy:  Raiffeisenbank
2022/12/07 20:55:09 User Name - Elvi_Miss, orders - 30, completion - 100
2022/12/07 20:55:09 Link: https://p2p.binance.com/en/advertiserDetail?advertiserNo=see4fcaec9d70319585804e6f61a6b2e4
2022/12/07 20:55:09 Payment Methods Sell:  RosBank
2022/12/07 20:55:09 User Name - TRADERMAN, orders - 267, completion - 98.9
2022/12/07 20:55:09 Link: https://p2p.binance.com/en/advertiserDetail?advertiserNo=sc7522921bb66323aaec58adc415fe4a3
2022/12/07 20:55:09 

2022/12/07 20:55:09 transAmoountStart - 10000 and transAmoountEnd - 9955.268848751
2022/12/07 20:55:09 assets - BUSD, pair - BNBBUSD, convertfiat - BNB, fiat - RUB
2022/12/07 20:55:09 PriceFirst - 65.63, PriceSecond - 283.15, Price Third - 18500.01
2022/12/07 20:55:09 RESULT: -44.73   -0.45 

2022/12/07 20:55:09 Payment Methods Buy:  Raiffeisenbank
2022/12/07 20:55:09 User Name - Elvi_Miss, orders - 30, completion - 100
2022/12/07 20:55:09 Link: https://p2p.binance.com/en/advertiserDetail?advertiserNo=see4fcaec9d70319585804e6f61a6b2e4
2022/12/07 20:55:09 Payment Methods Sell:  Tinkoff
2022/12/07 20:55:09 User Name - R2_CryptoTrade, orders - 26000, completion - 99
2022/12/07 20:55:09 Link: https://p2p.binance.com/en/advertiserDetail?advertiserNo=sa72c5bd99ffd30389437c99ddea8e410
2022/12/07 20:55:09 

2022/12/07 20:55:09 transAmoountStart - 10000 and transAmoountEnd - 9878.430731613522
2022/12/07 20:55:09 assets - BUSD, pair - SHIBBUSD, convertfiat - SHIB, fiat - RUB
2022/12/07 20:55:09 PriceFirst - 65.63, PriceSecond - 9.084999999999999e-06, Price Third - 0.000589
2022/12/07 20:55:09 RESULT: -121.57   -1.22 

2022/12/07 20:55:09 Payment Methods Buy:  Raiffeisenbank
2022/12/07 20:55:09 User Name - Elvi_Miss, orders - 30, completion - 100
2022/12/07 20:55:09 Link: https://p2p.binance.com/en/advertiserDetail?advertiserNo=see4fcaec9d70319585804e6f61a6b2e4
2022/12/07 20:55:09 Payment Methods Sell:  RosBank
2022/12/07 20:55:09 User Name - ChechulinYuriy, orders - 17, completion - 100
2022/12/07 20:55:09 Link: https://p2p.binance.com/en/advertiserDetail?advertiserNo=s3e2e01bbfffc3f65a5b795fd5000833c
2022/12/07 20:55:09 

2022/12/07 20:55:09 transAmoountStart - 10000 and transAmoountEnd - 9845.169071402144
2022/12/07 20:55:09 assets - ETH, pair - ETHRUB, convertfiat - RUB, fiat - RUB
2022/12/07 20:55:09 PriceFirst - 81090, PriceSecond - 77509.2, Price Third - 1.03
2022/12/07 20:55:09 RESULT: -154.83   -1.55 

2022/12/07 20:55:09 Payment Methods Buy:  RosBank
2022/12/07 20:55:09 User Name - Hess15, orders - 327, completion - 99.1
2022/12/07 20:55:09 Link: https://p2p.binance.com/en/advertiserDetail?advertiserNo=s288c1c5148533664969393fb1150a715
2022/12/07 20:55:09 Payment Methods Sell:  Tinkoff
2022/12/07 20:55:09 User Name - CRIPTUN, orders - 16616, completion - 99.5
2022/12/07 20:55:09 Link: https://p2p.binance.com/en/advertiserDetail?advertiserNo=s0a3beeee28ae33cfab3a8c0ade8d7f3a
2022/12/07 20:55:09 

2022/12/07 20:55:09 transAmoountStart - 10000 and transAmoountEnd - 9972.074889532227
2022/12/07 20:55:09 assets - BUSD, pair - BUSDUSDT, convertfiat - USDT, fiat - RUB
2022/12/07 20:55:09 PriceFirst - 65.63, PriceSecond - 0.99995, Price Third - 65.45
2022/12/07 20:55:09 RESULT: -27.93   -0.28 

2022/12/07 20:55:09 Payment Methods Buy:  Raiffeisenbank
2022/12/07 20:55:09 User Name - Elvi_Miss, orders - 30, completion - 100
2022/12/07 20:55:09 Link: https://p2p.binance.com/en/advertiserDetail?advertiserNo=see4fcaec9d70319585804e6f61a6b2e4
2022/12/07 20:55:09 Payment Methods Sell:  RosBank
2022/12/07 20:55:09 User Name - Insomnia, orders - 1213, completion - 99.6
2022/12/07 20:55:09 Link: https://p2p.binance.com/en/advertiserDetail?advertiserNo=s4bd415c5f1a6360eb3d977b914b19e7e
2022/12/07 20:55:09 

2022/12/07 20:55:09 transAmoountStart - 10000 and transAmoountEnd - 10007.632999373396
2022/12/07 20:55:09 assets - BUSD, pair - ETHBUSD, convertfiat - ETH, fiat - RUB
2022/12/07 20:55:09 PriceFirst - 65.63, PriceSecond - 1228.835, Price Third - 80710
2022/12/07 20:55:09 RESULT: 7.63   0.08 

2022/12/07 20:55:09 Payment Methods Buy:  Raiffeisenbank
2022/12/07 20:55:09 User Name - Elvi_Miss, orders - 30, completion - 100
2022/12/07 20:55:09 Link: https://p2p.binance.com/en/advertiserDetail?advertiserNo=see4fcaec9d70319585804e6f61a6b2e4
2022/12/07 20:55:09 Payment Methods Sell:  QIWI
2022/12/07 20:55:09 User Name - Arci742, orders - 63, completion - 94.1
2022/12/07 20:55:09 Link: https://p2p.binance.com/en/advertiserDetail?advertiserNo=sca6a8f4fadf33c01a4970b5efa3e98b9
2022/12/07 20:55:09 

2022/12/07 20:55:10 transAmoountStart - 10000 and transAmoountEnd - 9898.921946477985
2022/12/07 20:55:10 assets - ETH, pair - ETHBTC, convertfiat - BTC, fiat - RUB
2022/12/07 20:55:10 PriceFirst - 81090, PriceSecond - 0.0731035, Price Third - 1.09803714e+06
2022/12/07 20:55:10 RESULT: -101.08   -1.01 

2022/12/07 20:55:10 Payment Methods Buy:  RosBank
2022/12/07 20:55:10 User Name - Hess15, orders - 327, completion - 99.1
2022/12/07 20:55:10 Link: https://p2p.binance.com/en/advertiserDetail?advertiserNo=s288c1c5148533664969393fb1150a715
2022/12/07 20:55:10 Payment Methods Sell:  RosBank
2022/12/07 20:55:10 User Name - TRADERMAN, orders - 267, completion - 98.9
2022/12/07 20:55:10 Link: https://p2p.binance.com/en/advertiserDetail?advertiserNo=sc7522921bb66323aaec58adc415fe4a3
2022/12/07 20:55:10 

2022/12/07 20:55:10 transAmoountStart - 10000 and transAmoountEnd - 9909.765208110992
2022/12/07 20:55:10 assets - USDT, pair - USDTRUB, convertfiat - RUB, fiat - RUB
2022/12/07 20:55:10 PriceFirst - 65.59, PriceSecond - 63.105000000000004, Price Third - 1.03
2022/12/07 20:55:10 RESULT: -90.23   -0.90 

2022/12/07 20:55:10 Payment Methods Buy:  RosBank
2022/12/07 20:55:10 User Name - Deof, orders - 144, completion - 99.4
2022/12/07 20:55:10 Link: https://p2p.binance.com/en/advertiserDetail?advertiserNo=s7069f0f8eb5333518195d63d84be2b66
2022/12/07 20:55:10 Payment Methods Sell:  Tinkoff
2022/12/07 20:55:10 User Name - CRIPTUN, orders - 16616, completion - 99.5
2022/12/07 20:55:10 Link: https://p2p.binance.com/en/advertiserDetail?advertiserNo=s0a3beeee28ae33cfab3a8c0ade8d7f3a
2022/12/07 20:55:10 

2022/12/07 20:55:10 transAmoountStart - 10000 and transAmoountEnd - 9959.612254856755
2022/12/07 20:55:10 assets - USDT, pair - BTCUSDT, convertfiat - BTC, fiat - RUB
2022/12/07 20:55:10 PriceFirst - 65.59, PriceSecond - 16808.809999999998, Price Third - 1.09803714e+06
2022/12/07 20:55:10 RESULT: -40.39   -0.40 

2022/12/07 20:55:10 Payment Methods Buy:  RosBank
2022/12/07 20:55:10 User Name - Deof, orders - 144, completion - 99.4
2022/12/07 20:55:10 Link: https://p2p.binance.com/en/advertiserDetail?advertiserNo=s7069f0f8eb5333518195d63d84be2b66
2022/12/07 20:55:10 Payment Methods Sell:  RosBank
2022/12/07 20:55:10 User Name - TRADERMAN, orders - 267, completion - 98.9
2022/12/07 20:55:10 Link: https://p2p.binance.com/en/advertiserDetail?advertiserNo=sc7522921bb66323aaec58adc415fe4a3
2022/12/07 20:55:10 

2022/12/07 20:55:10 transAmoountStart - 10000 and transAmoountEnd - 9979.15424052953
2022/12/07 20:55:10 assets - USDT, pair - BUSDUSDT, convertfiat - BUSD, fiat - RUB
2022/12/07 20:55:10 PriceFirst - 65.59, PriceSecond - 0.99995, Price Third - 65.45
2022/12/07 20:55:10 RESULT: -20.85   -0.21 

2022/12/07 20:55:10 Payment Methods Buy:  RosBank
2022/12/07 20:55:10 User Name - Deof, orders - 144, completion - 99.4
2022/12/07 20:55:10 Link: https://p2p.binance.com/en/advertiserDetail?advertiserNo=s7069f0f8eb5333518195d63d84be2b66
2022/12/07 20:55:10 Payment Methods Sell:  Tinkoff
2022/12/07 20:55:10 User Name - teakamill, orders - 2207, completion - 99.4
2022/12/07 20:55:10 Link: https://p2p.binance.com/en/advertiserDetail?advertiserNo=sf8a59385a7ab381b891ebac3e74e6d90
2022/12/07 20:55:10 

2022/12/07 20:55:10 transAmoountStart - 10000 and transAmoountEnd - 9917.62421383648
2022/12/07 20:55:10 assets - ETH, pair - ETHUSDT, convertfiat - USDT, fiat - RUB
2022/12/07 20:55:10 PriceFirst - 81090, PriceSecond - 1228.755, Price Third - 65.45
2022/12/07 20:55:10 RESULT: -82.38   -0.82 

2022/12/07 20:55:10 Payment Methods Buy:  RosBank
2022/12/07 20:55:10 User Name - Hess15, orders - 327, completion - 99.1
2022/12/07 20:55:10 Link: https://p2p.binance.com/en/advertiserDetail?advertiserNo=s288c1c5148533664969393fb1150a715
2022/12/07 20:55:10 Payment Methods Sell:  RosBank
2022/12/07 20:55:10 User Name - Insomnia, orders - 1213, completion - 99.6
2022/12/07 20:55:10 Link: https://p2p.binance.com/en/advertiserDetail?advertiserNo=s4bd415c5f1a6360eb3d977b914b19e7e
2022/12/07 20:55:10 

2022/12/07 20:55:10 transAmoountStart - 10000 and transAmoountEnd - 9897.447813499924
2022/12/07 20:55:10 assets - BUSD, pair - BUSDRUB, convertfiat - RUB, fiat - RUB
2022/12/07 20:55:10 PriceFirst - 65.63, PriceSecond - 63.065, Price Third - 1.03
2022/12/07 20:55:10 RESULT: -102.55   -1.03 

2022/12/07 20:55:10 Payment Methods Buy:  Raiffeisenbank
2022/12/07 20:55:10 User Name - Elvi_Miss, orders - 30, completion - 100
2022/12/07 20:55:10 Link: https://p2p.binance.com/en/advertiserDetail?advertiserNo=see4fcaec9d70319585804e6f61a6b2e4
2022/12/07 20:55:10 Payment Methods Sell:  Tinkoff
2022/12/07 20:55:10 User Name - CRIPTUN, orders - 16616, completion - 99.5
2022/12/07 20:55:10 Link: https://p2p.binance.com/en/advertiserDetail?advertiserNo=s0a3beeee28ae33cfab3a8c0ade8d7f3a
2022/12/07 20:55:10 

2022/12/07 20:55:10 transAmoountStart - 10000 and transAmoountEnd - 9812.099834983497
2022/12/07 20:55:10 assets - SHIB, pair - SHIBBUSD, convertfiat - BUSD, fiat - RUB
2022/12/07 20:55:10 PriceFirst - 0.000606, PriceSecond - 9.084999999999999e-06, Price Third - 65.45
2022/12/07 20:55:10 RESULT: -187.90   -1.88 

2022/12/07 20:55:10 Payment Methods Buy:  QIWI
2022/12/07 20:55:10 User Name - Fedos228337, orders - 142, completion - 96
2022/12/07 20:55:10 Link: https://p2p.binance.com/en/advertiserDetail?advertiserNo=s369ebebd24f43c8cadbf6a5420195d58
2022/12/07 20:55:10 Payment Methods Sell:  Tinkoff
2022/12/07 20:55:10 User Name - teakamill, orders - 2207, completion - 99.4
2022/12/07 20:55:10 Link: https://p2p.binance.com/en/advertiserDetail?advertiserNo=sf8a59385a7ab381b891ebac3e74e6d90
2022/12/07 20:55:10 

2022/12/07 20:55:10 transAmoountStart - 10000 and transAmoountEnd - 9812.099834983497
2022/12/07 20:55:10 assets - SHIB, pair - SHIBUSDT, convertfiat - USDT, fiat - RUB
2022/12/07 20:55:10 PriceFirst - 0.000606, PriceSecond - 9.084999999999999e-06, Price Third - 65.45
2022/12/07 20:55:10 RESULT: -187.90   -1.88 

2022/12/07 20:55:10 Payment Methods Buy:  QIWI
2022/12/07 20:55:10 User Name - Fedos228337, orders - 142, completion - 96
2022/12/07 20:55:10 Link: https://p2p.binance.com/en/advertiserDetail?advertiserNo=s369ebebd24f43c8cadbf6a5420195d58
2022/12/07 20:55:10 Payment Methods Sell:  RosBank
2022/12/07 20:55:10 User Name - Insomnia, orders - 1213, completion - 99.6
2022/12/07 20:55:10 Link: https://p2p.binance.com/en/advertiserDetail?advertiserNo=s4bd415c5f1a6360eb3d977b914b19e7e
2022/12/07 20:55:10 

2022/12/07 20:55:12 transAmoountStart - 10000 and transAmoountEnd - 9899.834862816859
2022/12/07 20:55:12 assets - ETH, pair - BNBETH, convertfiat - BNB, fiat - RUB
2022/12/07 20:55:12 PriceFirst - 81090, PriceSecond - 0.23045, Price Third - 18500.01
2022/12/07 20:55:12 RESULT: -100.17   -1.00 

2022/12/07 20:55:12 Payment Methods Buy:  RosBank
2022/12/07 20:55:12 User Name - Hess15, orders - 327, completion - 99.1
2022/12/07 20:55:12 Link: https://p2p.binance.com/en/advertiserDetail?advertiserNo=s288c1c5148533664969393fb1150a715
2022/12/07 20:55:12 Payment Methods Sell:  Tinkoff
2022/12/07 20:55:12 User Name - R2_CryptoTrade, orders - 26000, completion - 99
2022/12/07 20:55:12 Link: https://p2p.binance.com/en/advertiserDetail?advertiserNo=sa72c5bd99ffd30389437c99ddea8e410
2022/12/07 20:55:12 

2022/12/07 20:55:12 transAmoountStart - 10000 and transAmoountEnd - 9956.408416769289
2022/12/07 20:55:12 assets - BNB, pair - BNBETH, convertfiat - ETH, fiat - RUB
2022/12/07 20:55:12 PriceFirst - 18677, PriceSecond - 0.2304, Price Third - 80710
2022/12/07 20:55:12 RESULT: -43.59   -0.44 

2022/12/07 20:55:12 Payment Methods Buy:  Tinkoff
2022/12/07 20:55:12 User Name - nozirrov, orders - 63, completion - 100
2022/12/07 20:55:12 Link: https://p2p.binance.com/en/advertiserDetail?advertiserNo=s8de7d1cd82cb3f65865bd19a421817a7
2022/12/07 20:55:12 Payment Methods Sell:  QIWI
2022/12/07 20:55:12 User Name - Arci742, orders - 63, completion - 94.1
2022/12/07 20:55:12 Link: https://p2p.binance.com/en/advertiserDetail?advertiserNo=sca6a8f4fadf33c01a4970b5efa3e98b9
2022/12/07 20:55:12 

2022/12/07 20:55:15 transAmoountStart - 10000 and transAmoountEnd - 9961.340060123925
2022/12/07 20:55:15 assets - USDT, pair - BNBUSDT, convertfiat - BNB, fiat - RUB
2022/12/07 20:55:15 PriceFirst - 65.59, PriceSecond - 283.15, Price Third - 18500.01
2022/12/07 20:55:15 RESULT: -38.66   -0.39 

2022/12/07 20:55:15 Payment Methods Buy:  RosBank
2022/12/07 20:55:15 User Name - Deof, orders - 144, completion - 99.4
2022/12/07 20:55:15 Link: https://p2p.binance.com/en/advertiserDetail?advertiserNo=s7069f0f8eb5333518195d63d84be2b66
2022/12/07 20:55:15 Payment Methods Sell:  Tinkoff
2022/12/07 20:55:15 User Name - R2_CryptoTrade, orders - 26000, completion - 99
2022/12/07 20:55:15 Link: https://p2p.binance.com/en/advertiserDetail?advertiserNo=sa72c5bd99ffd30389437c99ddea8e410
2022/12/07 20:55:15 

2022/12/07 20:55:17 transAmoountStart - 10000 and transAmoountEnd - 9877.717032459128
2022/12/07 20:55:17 assets - RUB, pair - USDTRUB, convertfiat - USDT, fiat - RUB
2022/12/07 20:55:17 PriceFirst - 1.05, PriceSecond - 63.105000000000004, Price Third - 65.45
2022/12/07 20:55:17 RESULT: -122.28   -1.22 

2022/12/07 20:55:17 Payment Methods Buy:  Post Bank
2022/12/07 20:55:17 User Name - svoi_____, orders - 555, completion - 92.7
2022/12/07 20:55:17 Link: https://p2p.binance.com/en/advertiserDetail?advertiserNo=s22832ba8170a32c19f820d9adbd3dcca
2022/12/07 20:55:17 Payment Methods Sell:  RosBank
2022/12/07 20:55:17 User Name - Insomnia, orders - 1213, completion - 99.6
2022/12/07 20:55:17 Link: https://p2p.binance.com/en/advertiserDetail?advertiserNo=s4bd415c5f1a6360eb3d977b914b19e7e
2022/12/07 20:55:17 

2022/12/07 20:55:17 transAmoountStart - 10000 and transAmoountEnd - 9917.102313875857
2022/12/07 20:55:17 assets - RUB, pair - ETHRUB, convertfiat - ETH, fiat - RUB
2022/12/07 20:55:17 PriceFirst - 1.05, PriceSecond - 77509.2, Price Third - 80710
2022/12/07 20:55:17 RESULT: -82.90   -0.83 

2022/12/07 20:55:17 Payment Methods Buy:  Post Bank
2022/12/07 20:55:17 User Name - svoi_____, orders - 555, completion - 92.7
2022/12/07 20:55:17 Link: https://p2p.binance.com/en/advertiserDetail?advertiserNo=s22832ba8170a32c19f820d9adbd3dcca
2022/12/07 20:55:17 Payment Methods Sell:  QIWI
2022/12/07 20:55:17 User Name - Arci742, orders - 63, completion - 94.1
2022/12/07 20:55:17 Link: https://p2p.binance.com/en/advertiserDetail?advertiserNo=sca6a8f4fadf33c01a4970b5efa3e98b9
2022/12/07 20:55:17 

2022/12/07 20:55:17 transAmoountStart - 10000 and transAmoountEnd - 9883.98213483443
2022/12/07 20:55:17 assets - RUB, pair - BUSDRUB, convertfiat - BUSD, fiat - RUB
2022/12/07 20:55:17 PriceFirst - 1.05, PriceSecond - 63.065, Price Third - 65.45
2022/12/07 20:55:17 RESULT: -116.02   -1.16 

2022/12/07 20:55:17 Payment Methods Buy:  Post Bank
2022/12/07 20:55:17 User Name - svoi_____, orders - 555, completion - 92.7
2022/12/07 20:55:17 Link: https://p2p.binance.com/en/advertiserDetail?advertiserNo=s22832ba8170a32c19f820d9adbd3dcca
2022/12/07 20:55:17 Payment Methods Sell:  Tinkoff
2022/12/07 20:55:17 User Name - teakamill, orders - 2207, completion - 99.4
2022/12/07 20:55:17 Link: https://p2p.binance.com/en/advertiserDetail?advertiserNo=sf8a59385a7ab381b891ebac3e74e6d90
2022/12/07 20:55:17 

2022/12/07 20:55:18 transAmoountStart - 10000 and transAmoountEnd - 9861.660004770349
2022/12/07 20:55:18 assets - RUB, pair - BTCRUB, convertfiat - BTC, fiat - RUB
2022/12/07 20:55:18 PriceFirst - 1.05, PriceSecond - 1.0604195e+06, Price Third - 1.09803714e+06
2022/12/07 20:55:18 RESULT: -138.34   -1.38 

2022/12/07 20:55:18 Payment Methods Buy:  Post Bank
2022/12/07 20:55:18 User Name - svoi_____, orders - 555, completion - 92.7
2022/12/07 20:55:18 Link: https://p2p.binance.com/en/advertiserDetail?advertiserNo=s22832ba8170a32c19f820d9adbd3dcca
2022/12/07 20:55:18 Payment Methods Sell:  RosBank
2022/12/07 20:55:18 User Name - TRADERMAN, orders - 267, completion - 98.9
2022/12/07 20:55:18 Link: https://p2p.binance.com/en/advertiserDetail?advertiserNo=sc7522921bb66323aaec58adc415fe4a3
2022/12/07 20:55:18 

2022/12/07 20:55:19 transAmoountStart - 10000 and transAmoountEnd - 9862.700051949601
2022/12/07 20:55:19 assets - RUB, pair - BNBRUB, convertfiat - BNB, fiat - RUB
2022/12/07 20:55:19 PriceFirst - 1.05, PriceSecond - 17865.3, Price Third - 18501.01
2022/12/07 20:55:19 RESULT: -137.30   -1.37 

2022/12/07 20:55:19 Payment Methods Buy:  Post Bank
2022/12/07 20:55:19 User Name - svoi_____, orders - 555, completion - 92.7
2022/12/07 20:55:19 Link: https://p2p.binance.com/en/advertiserDetail?advertiserNo=s22832ba8170a32c19f820d9adbd3dcca
2022/12/07 20:55:19 Payment Methods Sell:  Tinkoff
2022/12/07 20:55:19 User Name - R2_CryptoTrade, orders - 26001, completion - 99
2022/12/07 20:55:19 Link: https://p2p.binance.com/en/advertiserDetail?advertiserNo=sa72c5bd99ffd30389437c99ddea8e410
2022/12/07 20:55:19 

